2024-11-28 16:08:34,922 INFO: Authentication system startup [in d:\Code\project\Auth\app\__init__.py:28]
2024-11-28 16:08:35,697 INFO: Authentication system startup [in d:\Code\project\Auth\app\__init__.py:28]
2024-11-28 16:08:47,584 ERROR: 解密失败: Object type <class 'str'> cannot be passed to C code [in d:\Code\project\Auth\app\routes.py:36]
2024-11-28 16:12:35,800 ERROR: 解密失败: Object type <class 'str'> cannot be passed to C code [in d:\Code\project\Auth\app\routes.py:36]
2024-11-28 16:13:46,122 INFO: Authentication system startup [in d:\Code\project\Auth\app\__init__.py:28]
2024-11-28 16:16:28,108 INFO: Authentication system startup [in d:\Code\project\Auth\app\__init__.py:28]
2024-11-28 16:16:29,123 INFO: Authentication system startup [in d:\Code\project\Auth\app\__init__.py:28]
2024-11-28 16:16:41,718 INFO: 新用户注册成功: 123@qq.com [in d:\Code\project\Auth\app\routes.py:78]
2024-11-28 16:22:36,079 INFO: Authentication system startup [in d:\Code\project\Auth\app\__init__.py:28]
2024-11-28 16:22:38,582 INFO: Authentication system startup [in d:\Code\project\Auth\app\__init__.py:28]
2024-11-28 16:22:44,390 INFO: Authentication system startup [in d:\Code\project\Auth\app\__init__.py:28]
2024-11-28 16:22:50,271 INFO: Authentication system startup [in d:\Code\project\Auth\app\__init__.py:28]
2024-11-28 16:22:52,656 INFO: Authentication system startup [in d:\Code\project\Auth\app\__init__.py:28]
2024-11-28 16:22:55,891 INFO: Authentication system startup [in d:\Code\project\Auth\app\__init__.py:28]
2024-11-28 16:22:57,718 INFO: Authentication system startup [in d:\Code\project\Auth\app\__init__.py:28]
2024-11-28 16:23:00,712 INFO: Authentication system startup [in d:\Code\project\Auth\app\__init__.py:28]
2024-11-28 16:23:04,515 INFO: Authentication system startup [in d:\Code\project\Auth\app\__init__.py:28]
2024-11-28 16:23:06,754 INFO: Authentication system startup [in d:\Code\project\Auth\app\__init__.py:28]
2024-11-28 16:23:11,373 INFO: Authentication system startup [in d:\Code\project\Auth\app\__init__.py:28]
2024-11-28 16:23:14,436 INFO: Authentication system startup [in d:\Code\project\Auth\app\__init__.py:28]
2024-11-28 16:23:17,821 INFO: Authentication system startup [in d:\Code\project\Auth\app\__init__.py:28]
2024-11-28 16:23:22,467 INFO: Authentication system startup [in d:\Code\project\Auth\app\__init__.py:28]
2024-11-28 16:23:24,872 INFO: Authentication system startup [in d:\Code\project\Auth\app\__init__.py:28]
2024-11-28 16:23:29,494 INFO: Authentication system startup [in d:\Code\project\Auth\app\__init__.py:28]
2024-11-28 16:23:32,561 INFO: Authentication system startup [in d:\Code\project\Auth\app\__init__.py:28]
2024-11-28 16:26:16,286 INFO: Authentication system startup [in d:\Code\project\Auth\app\__init__.py:28]
2024-11-28 16:26:18,074 INFO: Authentication system startup [in d:\Code\project\Auth\app\__init__.py:28]
2024-11-28 16:31:24,476 INFO: Authentication system startup [in d:\Code\project\Auth\app\__init__.py:28]
2024-11-28 16:32:34,038 ERROR: 解密失败: 'NoneType' object has no attribute 'decode' [in d:\Code\project\Auth\app\routes.py:36]
2024-11-28 16:34:43,412 INFO: Authentication system startup [in d:\Code\project\Auth\app\__init__.py:28]
2024-11-28 16:37:04,847 INFO: Authentication system startup [in d:\Code\project\Auth\app\__init__.py:28]
2024-11-28 16:38:01,431 INFO: 新用户注册成功: 1234@qq.com [in d:\Code\project\Auth\app\routes.py:90]
2024-11-28 16:47:58,211 ERROR: 登录步骤1失败: function missing required argument 'year' (pos 1) [in d:\Code\project\Auth\app\routes.py:167]
2024-11-28 16:50:14,747 ERROR: 登录步骤1失败: function missing required argument 'year' (pos 1) [in d:\Code\project\Auth\app\routes.py:167]
2024-11-28 16:50:23,483 ERROR: 登录步骤1失败: function missing required argument 'year' (pos 1) [in d:\Code\project\Auth\app\routes.py:167]
2024-11-28 16:50:46,507 INFO: Authentication system startup [in d:\Code\project\Auth\app\__init__.py:28]
2024-11-28 16:50:52,827 ERROR: 解密失败: 'NoneType' object has no attribute 'decode' [in d:\Code\project\Auth\app\routes.py:36]
2024-11-28 16:51:17,995 ERROR: 验证响应值失败: function missing required argument 'year' (pos 1) [in d:\Code\project\Auth\app\utils.py:149]
2024-11-28 16:51:46,109 INFO: Authentication system startup [in d:\Code\project\Auth\app\__init__.py:28]
2024-11-28 16:54:26,703 INFO: Authentication system startup [in d:\Code\project\Auth\app\__init__.py:28]
2024-11-28 16:54:33,708 INFO: Authentication system startup [in d:\Code\project\Auth\app\__init__.py:28]
2024-11-28 16:54:39,076 INFO: Authentication system startup [in d:\Code\project\Auth\app\__init__.py:28]
2024-11-28 16:54:47,746 INFO: Authentication system startup [in d:\Code\project\Auth\app\__init__.py:28]
2024-11-28 16:54:50,186 INFO: Authentication system startup [in d:\Code\project\Auth\app\__init__.py:28]
2024-11-28 16:54:54,256 INFO: Authentication system startup [in d:\Code\project\Auth\app\__init__.py:28]
2024-11-28 16:54:58,366 INFO: Authentication system startup [in d:\Code\project\Auth\app\__init__.py:28]
2024-11-28 17:07:19,388 INFO: Authentication system startup [in d:\Code\project\Auth\app\__init__.py:28]
2024-11-28 20:40:21,552 INFO: Authentication system startup [in d:\Code\project\Auth\app\__init__.py:28]
2024-11-28 20:41:19,086 INFO: Authentication system startup [in d:\Code\project\Auth\app\__init__.py:28]
2024-11-28 20:41:20,278 INFO: Authentication system startup [in d:\Code\project\Auth\app\__init__.py:28]
2024-11-28 20:44:07,587 INFO: 新用户注册成功: test@qq.com [in d:\Code\project\Auth\app\routes.py:90]
2024-11-28 20:51:50,016 INFO: Authentication system startup [in d:\Code\project\Auth\app\__init__.py:28]
2024-11-28 20:51:51,213 INFO: Authentication system startup [in d:\Code\project\Auth\app\__init__.py:28]
2024-11-28 20:52:13,540 INFO: Authentication system startup [in d:\Code\project\Auth\app\__init__.py:28]
2024-11-28 20:56:13,393 INFO: Authentication system startup [in d:\Code\project\Auth\app\__init__.py:28]
2024-11-28 20:56:15,284 INFO: Authentication system startup [in d:\Code\project\Auth\app\__init__.py:28]
2024-11-28 20:57:13,053 INFO: 新用户注册成功: 123@qq.com [in d:\Code\project\Auth\app\routes.py:90]
2024-11-28 20:59:18,794 INFO: Authentication system startup [in d:\Code\project\Auth\app\__init__.py:28]
2024-11-28 20:59:19,455 INFO: Authentication system startup [in d:\Code\project\Auth\app\__init__.py:28]
2024-11-28 21:01:54,591 INFO: Authentication system startup [in d:\Code\project\Auth\app\__init__.py:28]
2024-11-28 21:01:58,856 INFO: Authentication system startup [in d:\Code\project\Auth\app\__init__.py:28]
2024-11-28 21:02:00,545 ERROR: 解密失败: 'NoneType' object has no attribute 'decode' [in d:\Code\project\Auth\app\routes.py:36]
2024-11-28 21:02:02,783 ERROR: 解密失败: 'NoneType' object has no attribute 'decode' [in d:\Code\project\Auth\app\routes.py:36]
2024-11-28 21:02:04,236 ERROR: 解密失败: 'NoneType' object has no attribute 'decode' [in d:\Code\project\Auth\app\routes.py:36]
